<?xml version="1.0" encoding="UTF-8"?>
<!-- Generated by org.testng.reporters.JUnitReportReporter -->
<testsuite hostname="DESKTOP-D6HL7CF" failures="0" tests="5" name="WorkingWithTestNG.Example_Invocationcount" time="24.110" errors="0" timestamp="2024-06-12T22:39:14 IST" skipped="0">
  <testcase classname="WorkingWithTestNG.Example_Invocationcount" name="testcase" time="4.369"/>
  <system-out/>
  <testcase classname="WorkingWithTestNG.Example_Invocationcount" name="testcase" time="4.734"/>
  <system-out/>
  <testcase classname="WorkingWithTestNG.Example_Invocationcount" name="testcase" time="5.893"/>
  <system-out/>
  <testcase classname="WorkingWithTestNG.Example_Invocationcount" name="testcase" time="4.789"/>
  <system-out/>
  <testcase classname="WorkingWithTestNG.Example_Invocationcount" name="testcase" time="4.325"/>
  <system-out/>
</testsuite> <!-- WorkingWithTestNG.Example_Invocationcount -->
