<?xml version="1.0" encoding="UTF-8"?>
<!-- Generated by org.testng.reporters.JUnitReportReporter -->
<testsuite hostname="DESKTOP-D6HL7CF" failures="0" tests="3" name="WorkingWithTestNG.Example_DependsOnMethods" time="0.008" errors="0" timestamp="2024-06-04T15:10:24 IST" skipped="0">
  <testcase classname="WorkingWithTestNG.Example_DependsOnMethods" name="addaddress" time="0.006"/>
  <system-out/>
  <testcase classname="WorkingWithTestNG.Example_DependsOnMethods" name="modifyaddress" time="0.001"/>
  <system-out/>
  <testcase classname="WorkingWithTestNG.Example_DependsOnMethods" name="deleteaddress" time="0.001"/>
  <system-out/>
</testsuite> <!-- WorkingWithTestNG.Example_DependsOnMethods -->
