<?xml version="1.0" encoding="UTF-8"?>
<!-- Generated by org.testng.reporters.JUnitReportReporter -->
<testsuite hostname="DESKTOP-D6HL7CF" failures="0" tests="1" name="WorkingWithTestNG.Example_SoftAssert" time="15.085" errors="0" timestamp="2024-06-12T22:32:51 IST" skipped="0">
  <testcase classname="WorkingWithTestNG.Example_SoftAssert" name="testcase" time="15.085"/>
  <system-out>
    <![CDATA[Home Page Is Displayed
login is successfully
logout is successfully]]>
  </system-out>
</testsuite> <!-- WorkingWithTestNG.Example_SoftAssert -->
