<?xml version="1.0" encoding="UTF-8"?>
<!-- Generated by org.testng.reporters.JUnitReportReporter -->
<testsuite hostname="DESKTOP-D6HL7CF" failures="0" tests="5" name="WorkingWithTestNG.Example_MultipleTestAnnotations" time="0.008" errors="0" timestamp="2024-06-12T22:34:05 IST" skipped="1">
  <testcase classname="WorkingWithTestNG.Example_MultipleTestAnnotations" name="register" time="0.006"/>
  <system-out/>
  <testcase classname="WorkingWithTestNG.Example_MultipleTestAnnotations" name="login" time="0.001"/>
  <system-out/>
  <testcase classname="WorkingWithTestNG.Example_MultipleTestAnnotations" name="placeorder" time="0.000"/>
  <system-out/>
  <testcase classname="WorkingWithTestNG.Example_MultipleTestAnnotations" name="logout" time="0.001"/>
  <system-out/>
  <testcase classname="WorkingWithTestNG.Example_MultipleTestAnnotations" name="addtocart">
    <skipped/>
  </testcase> <!-- addtocart -->
  <system-out/>
</testsuite> <!-- WorkingWithTestNG.Example_MultipleTestAnnotations -->
