<?xml version="1.0" encoding="UTF-8"?>
<!-- Generated by org.testng.reporters.JUnitReportReporter -->
<testsuite hostname="DESKTOP-D6HL7CF" failures="0" tests="1" name="PopupHandling.Assignment1" time="9.552" errors="0" timestamp="2024-06-06T15:03:56 IST" skipped="0">
  <testcase classname="PopupHandling.Assignment1" name="testcase01" time="9.552"/>
  <system-out/>
</testsuite> <!-- PopupHandling.Assignment1 -->
