<?xml version="1.0" encoding="UTF-8"?>
<!-- Generated by org.testng.reporters.JUnitReportReporter -->
<testsuite hostname="DESKTOP-D6HL7CF" failures="0" tests="1" name="WorkingWithTestNG.Example_TestAnnotation" time="0.008" errors="0" timestamp="2024-06-12T22:33:22 IST" skipped="0">
  <testcase classname="WorkingWithTestNG.Example_TestAnnotation" name="testcase" time="0.008"/>
  <system-out/>
</testsuite> <!-- WorkingWithTestNG.Example_TestAnnotation -->
