<?xml version="1.0" encoding="UTF-8"?>
<!-- Generated by org.testng.reporters.JUnitReportReporter -->
<testsuite hostname="DESKTOP-D6HL7CF" failures="0" tests="1" name="PopupHandling.Assignment2" time="8.083" errors="0" timestamp="2024-06-06T15:02:11 IST" skipped="0">
  <testcase classname="PopupHandling.Assignment2" name="testcase02" time="8.083"/>
  <system-out/>
</testsuite> <!-- PopupHandling.Assignment2 -->
