<?xml version="1.0" encoding="UTF-8"?>
<!-- Generated by org.testng.reporters.JUnitReportReporter -->
<testsuite hostname="DESKTOP-D6HL7CF" failures="0" tests="1" name="PopupHandling.Assignment3" time="11.328" errors="0" timestamp="2024-06-06T15:02:11 IST" skipped="0">
  <testcase classname="PopupHandling.Assignment3" name="testcase03" time="11.328"/>
  <system-out/>
</testsuite> <!-- PopupHandling.Assignment3 -->
